<?xml version="1.0" encoding="UTF-8"?>
<!-- Generated by org.testng.reporters.JUnitReportReporter -->
<testsuite hostname="IND-L-AADXBK9KO" failures="0" tests="1" name="javaPractise.Practise01" time="0.006" errors="0" timestamp="2024-07-06T16:02:03 IST" skipped="0">
  <testcase classname="javaPractise.Practise01" name="main" time="0.006"/>
  <system-out/>
</testsuite> <!-- javaPractise.Practise01 -->
